Multivariate ld-score regression of 7 traits (data/COVID19_HGI_A2_N.sumstats.gz data/COVID19_HGI_B2_N.sumstats.gz data/COVID19_HGI_C2_N.sumstats.gz data/longcovid2022N1v4_N.sumstats.gz data/longcovid2022N2v4_N.sumstats.gz data/longcovid2022W1v4_N.sumstats.gz data/longcovid2022W2v4_N.sumstats.gz) began at: 2023-03-22 12:21:39
Reading in LD scores
Read in summary statistics [1/7] from: data/COVID19_HGI_A2_N.sumstats.gz
Out of 1181830 SNPs, 1174916 remain after merging with LD-score files
Removing 0 SNPs with Chi^2 > 1952.417; 1174916 remain
Read in summary statistics [2/7] from: data/COVID19_HGI_B2_N.sumstats.gz
Out of 1184303 SNPs, 1177154 remain after merging with LD-score files
Removing 0 SNPs with Chi^2 > 2962.058; 1177154 remain
Read in summary statistics [3/7] from: data/COVID19_HGI_C2_N.sumstats.gz
Out of 1186280 SNPs, 1178526 remain after merging with LD-score files
Removing 0 SNPs with Chi^2 > 2824.391; 1178526 remain
Read in summary statistics [4/7] from: data/longcovid2022N1v4_N.sumstats.gz
Out of 1186990 SNPs, 1178350 remain after merging with LD-score files
Removing 0 SNPs with Chi^2 > 80; 1178350 remain
Read in summary statistics [5/7] from: data/longcovid2022N2v4_N.sumstats.gz
Out of 1184234 SNPs, 1176632 remain after merging with LD-score files
Removing 0 SNPs with Chi^2 > 997.6; 1176632 remain
Read in summary statistics [6/7] from: data/longcovid2022W1v4_N.sumstats.gz
Out of 1188233 SNPs, 1178915 remain after merging with LD-score files
Removing 0 SNPs with Chi^2 > 80; 1178915 remain
Read in summary statistics [7/7] from: data/longcovid2022W2v4_N.sumstats.gz
Out of 1184822 SNPs, 1177034 remain after merging with LD-score files
Removing 0 SNPs with Chi^2 > 1100.445; 1177034 remain
          
Estimating heritability [1/28] for: data/COVID19_HGI_A2_N.sumstats.gz
     
Please note that the results initially printed to the screen and log file reflect the NON-liability h2 and cov_g. However, a liability conversion is being used for trait data/COVID19_HGI_A2_N.sumstats.gz when creating the genetic covariance matrix used as input for Genomic SEM and liability scale results are printed at the end of the log file.
     
Heritability Results for trait: data/COVID19_HGI_A2_N.sumstats.gz
Mean Chi^2 across remaining SNPs: 1.1414
Lambda GC: 1.0787
Intercept: 1.0024 (0.0154)
Ratio: 0.0168 (0.1086)
Total Observed Scale h2: 0.0058 (0.0015)
h2 Z: 3.85
     
Calculating genetic covariance [2/28] for traits: data/COVID19_HGI_A2_N.sumstats.gz and data/COVID19_HGI_B2_N.sumstats.gz
1174255 SNPs remain after merging data/COVID19_HGI_A2_N.sumstats.gz and data/COVID19_HGI_B2_N.sumstats.gz summary statistics
Results for genetic covariance between: data/COVID19_HGI_A2_N.sumstats.gz and data/COVID19_HGI_B2_N.sumstats.gz
Mean Z*Z: 0.7721
Cross trait Intercept: 0.6393 (0.0143)
Total Observed Scale Genetic Covariance (g_cov): 0.0041 (0.001)
g_cov Z: 3.88
g_cov P-value: 0.00010411
     
Calculating genetic covariance [3/28] for traits: data/COVID19_HGI_A2_N.sumstats.gz and data/COVID19_HGI_C2_N.sumstats.gz
1173864 SNPs remain after merging data/COVID19_HGI_A2_N.sumstats.gz and data/COVID19_HGI_C2_N.sumstats.gz summary statistics
Results for genetic covariance between: data/COVID19_HGI_A2_N.sumstats.gz and data/COVID19_HGI_C2_N.sumstats.gz
Mean Z*Z: 0.3845
Cross trait Intercept: 0.3015 (0.0089)
Total Observed Scale Genetic Covariance (g_cov): 0.0024 (5e-04)
g_cov Z: 4.68
g_cov P-value: 2.8041e-06
     
Calculating genetic covariance [4/28] for traits: data/COVID19_HGI_A2_N.sumstats.gz and data/longcovid2022N1v4_N.sumstats.gz
1173654 SNPs remain after merging data/COVID19_HGI_A2_N.sumstats.gz and data/longcovid2022N1v4_N.sumstats.gz summary statistics
Results for genetic covariance between: data/COVID19_HGI_A2_N.sumstats.gz and data/longcovid2022N1v4_N.sumstats.gz
Mean Z*Z: 0.0022
Cross trait Intercept: -3e-04 (0.0041)
Total Observed Scale Genetic Covariance (g_cov): 6e-04 (0.0014)
g_cov Z: 0.4
g_cov P-value: 0.68929
     
Calculating genetic covariance [5/28] for traits: data/COVID19_HGI_A2_N.sumstats.gz and data/longcovid2022N2v4_N.sumstats.gz
1172621 SNPs remain after merging data/COVID19_HGI_A2_N.sumstats.gz and data/longcovid2022N2v4_N.sumstats.gz summary statistics
Results for genetic covariance between: data/COVID19_HGI_A2_N.sumstats.gz and data/longcovid2022N2v4_N.sumstats.gz
Mean Z*Z: 0.0204
Cross trait Intercept: 0.0043 (0.0042)
Total Observed Scale Genetic Covariance (g_cov): 7e-04 (3e-04)
g_cov Z: 2.47
g_cov P-value: 0.013557
     
Calculating genetic covariance [6/28] for traits: data/COVID19_HGI_A2_N.sumstats.gz and data/longcovid2022W1v4_N.sumstats.gz
1173410 SNPs remain after merging data/COVID19_HGI_A2_N.sumstats.gz and data/longcovid2022W1v4_N.sumstats.gz summary statistics
Results for genetic covariance between: data/COVID19_HGI_A2_N.sumstats.gz and data/longcovid2022W1v4_N.sumstats.gz
Mean Z*Z: 0.0051
Cross trait Intercept: -4e-04 (0.0043)
Total Observed Scale Genetic Covariance (g_cov): 0.0011 (0.0013)
g_cov Z: 0.837
g_cov P-value: 0.40258
     
Calculating genetic covariance [7/28] for traits: data/COVID19_HGI_A2_N.sumstats.gz and data/longcovid2022W2v4_N.sumstats.gz
1172700 SNPs remain after merging data/COVID19_HGI_A2_N.sumstats.gz and data/longcovid2022W2v4_N.sumstats.gz summary statistics
Results for genetic covariance between: data/COVID19_HGI_A2_N.sumstats.gz and data/longcovid2022W2v4_N.sumstats.gz
Mean Z*Z: 0.0217
Cross trait Intercept: 0.0076 (0.0043)
Total Observed Scale Genetic Covariance (g_cov): 6e-04 (3e-04)
g_cov Z: 2.15
g_cov P-value: 0.031171
          
Estimating heritability [8/28] for: data/COVID19_HGI_B2_N.sumstats.gz
     
Please note that the results initially printed to the screen and log file reflect the NON-liability h2 and cov_g. However, a liability conversion is being used for trait data/COVID19_HGI_B2_N.sumstats.gz when creating the genetic covariance matrix used as input for Genomic SEM and liability scale results are printed at the end of the log file.
     
Heritability Results for trait: data/COVID19_HGI_B2_N.sumstats.gz
Mean Chi^2 across remaining SNPs: 1.1628
Lambda GC: 1.0992
Intercept: 1.0096 (0.0143)
Ratio: 0.0593 (0.088)
Total Observed Scale h2: 0.0035 (7e-04)
h2 Z: 4.74
     
Calculating genetic covariance [9/28] for traits: data/COVID19_HGI_B2_N.sumstats.gz and data/COVID19_HGI_C2_N.sumstats.gz
1176474 SNPs remain after merging data/COVID19_HGI_B2_N.sumstats.gz and data/COVID19_HGI_C2_N.sumstats.gz summary statistics
Results for genetic covariance between: data/COVID19_HGI_B2_N.sumstats.gz and data/COVID19_HGI_C2_N.sumstats.gz
Mean Z*Z: 0.5452
Cross trait Intercept: 0.4459 (0.0091)
Total Observed Scale Genetic Covariance (g_cov): 0.0021 (4e-04)
g_cov Z: 5.52
g_cov P-value: 3.4696e-08
     
Calculating genetic covariance [10/28] for traits: data/COVID19_HGI_B2_N.sumstats.gz and data/longcovid2022N1v4_N.sumstats.gz
1175665 SNPs remain after merging data/COVID19_HGI_B2_N.sumstats.gz and data/longcovid2022N1v4_N.sumstats.gz summary statistics
Results for genetic covariance between: data/COVID19_HGI_B2_N.sumstats.gz and data/longcovid2022N1v4_N.sumstats.gz
Mean Z*Z: 0.0117
Cross trait Intercept: 0.0051 (0.0039)
Total Observed Scale Genetic Covariance (g_cov): 0.0011 (0.001)
g_cov Z: 1.12
g_cov P-value: 0.26344
     
Calculating genetic covariance [11/28] for traits: data/COVID19_HGI_B2_N.sumstats.gz and data/longcovid2022N2v4_N.sumstats.gz
1174542 SNPs remain after merging data/COVID19_HGI_B2_N.sumstats.gz and data/longcovid2022N2v4_N.sumstats.gz summary statistics
Results for genetic covariance between: data/COVID19_HGI_B2_N.sumstats.gz and data/longcovid2022N2v4_N.sumstats.gz
Mean Z*Z: 0.0543
Cross trait Intercept: 0.0332 (0.0041)
Total Observed Scale Genetic Covariance (g_cov): 7e-04 (2e-04)
g_cov Z: 3.16
g_cov P-value: 0.0015514
     
Calculating genetic covariance [12/28] for traits: data/COVID19_HGI_B2_N.sumstats.gz and data/longcovid2022W1v4_N.sumstats.gz
1175536 SNPs remain after merging data/COVID19_HGI_B2_N.sumstats.gz and data/longcovid2022W1v4_N.sumstats.gz summary statistics
Results for genetic covariance between: data/COVID19_HGI_B2_N.sumstats.gz and data/longcovid2022W1v4_N.sumstats.gz
Mean Z*Z: 0.0111
Cross trait Intercept: 0.0028 (0.0044)
Total Observed Scale Genetic Covariance (g_cov): 0.0012 (0.001)
g_cov Z: 1.23
g_cov P-value: 0.21785
     
Calculating genetic covariance [13/28] for traits: data/COVID19_HGI_B2_N.sumstats.gz and data/longcovid2022W2v4_N.sumstats.gz
1174625 SNPs remain after merging data/COVID19_HGI_B2_N.sumstats.gz and data/longcovid2022W2v4_N.sumstats.gz summary statistics
Results for genetic covariance between: data/COVID19_HGI_B2_N.sumstats.gz and data/longcovid2022W2v4_N.sumstats.gz
Mean Z*Z: 0.0433
Cross trait Intercept: 0.0268 (0.0042)
Total Observed Scale Genetic Covariance (g_cov): 5e-04 (2e-04)
g_cov Z: 2.49
g_cov P-value: 0.012829
          
Estimating heritability [14/28] for: data/COVID19_HGI_C2_N.sumstats.gz
     
Please note that the results initially printed to the screen and log file reflect the NON-liability h2 and cov_g. However, a liability conversion is being used for trait data/COVID19_HGI_C2_N.sumstats.gz when creating the genetic covariance matrix used as input for Genomic SEM and liability scale results are printed at the end of the log file.
     
Heritability Results for trait: data/COVID19_HGI_C2_N.sumstats.gz
Mean Chi^2 across remaining SNPs: 1.1407
Lambda GC: 1.1176
Intercept: 1.0409 (0.0086)
Ratio: 0.2907 (0.0613)
Total Observed Scale h2: 0.002 (3e-04)
h2 Z: 6.37
     
Calculating genetic covariance [15/28] for traits: data/COVID19_HGI_C2_N.sumstats.gz and data/longcovid2022N1v4_N.sumstats.gz
1176563 SNPs remain after merging data/COVID19_HGI_C2_N.sumstats.gz and data/longcovid2022N1v4_N.sumstats.gz summary statistics
Results for genetic covariance between: data/COVID19_HGI_C2_N.sumstats.gz and data/longcovid2022N1v4_N.sumstats.gz
Mean Z*Z: 0.0028
Cross trait Intercept: -0.0121 (0.0043)
Total Observed Scale Genetic Covariance (g_cov): 0.0024 (0.001)
g_cov Z: 2.28
g_cov P-value: 0.022349
     
Calculating genetic covariance [16/28] for traits: data/COVID19_HGI_C2_N.sumstats.gz and data/longcovid2022N2v4_N.sumstats.gz
1175199 SNPs remain after merging data/COVID19_HGI_C2_N.sumstats.gz and data/longcovid2022N2v4_N.sumstats.gz summary statistics
Results for genetic covariance between: data/COVID19_HGI_C2_N.sumstats.gz and data/longcovid2022N2v4_N.sumstats.gz
Mean Z*Z: 0.0693
Cross trait Intercept: 0.0423 (0.0044)
Total Observed Scale Genetic Covariance (g_cov): 9e-04 (2e-04)
g_cov Z: 3.84
g_cov P-value: 0.0001207
     
Calculating genetic covariance [17/28] for traits: data/COVID19_HGI_C2_N.sumstats.gz and data/longcovid2022W1v4_N.sumstats.gz
1176780 SNPs remain after merging data/COVID19_HGI_C2_N.sumstats.gz and data/longcovid2022W1v4_N.sumstats.gz summary statistics
Results for genetic covariance between: data/COVID19_HGI_C2_N.sumstats.gz and data/longcovid2022W1v4_N.sumstats.gz
Mean Z*Z: 0.0016
Cross trait Intercept: -0.004 (0.0042)
Total Observed Scale Genetic Covariance (g_cov): 8e-04 (9e-04)
g_cov Z: 0.852
g_cov P-value: 0.39448
     
Calculating genetic covariance [18/28] for traits: data/COVID19_HGI_C2_N.sumstats.gz and data/longcovid2022W2v4_N.sumstats.gz
1175535 SNPs remain after merging data/COVID19_HGI_C2_N.sumstats.gz and data/longcovid2022W2v4_N.sumstats.gz summary statistics
Results for genetic covariance between: data/COVID19_HGI_C2_N.sumstats.gz and data/longcovid2022W2v4_N.sumstats.gz
Mean Z*Z: 0.0673
Cross trait Intercept: 0.0491 (0.0041)
Total Observed Scale Genetic Covariance (g_cov): 6e-04 (2e-04)
g_cov Z: 2.77
g_cov P-value: 0.0056054
          
Estimating heritability [19/28] for: data/longcovid2022N1v4_N.sumstats.gz
     
Please note that the results initially printed to the screen and log file reflect the NON-liability h2 and cov_g. However, a liability conversion is being used for trait data/longcovid2022N1v4_N.sumstats.gz when creating the genetic covariance matrix used as input for Genomic SEM and liability scale results are printed at the end of the log file.
     
Heritability Results for trait: data/longcovid2022N1v4_N.sumstats.gz
Mean Chi^2 across remaining SNPs: 0.8771
Lambda GC: 0.8756
Intercept: 0.8547 (0.0052)
Ratio: 1.1825 (-0.0423)
Total Observed Scale h2: 0.0278 (0.0081)
h2 Z: 3.43
     
Calculating genetic covariance [20/28] for traits: data/longcovid2022N1v4_N.sumstats.gz and data/longcovid2022N2v4_N.sumstats.gz
1176035 SNPs remain after merging data/longcovid2022N1v4_N.sumstats.gz and data/longcovid2022N2v4_N.sumstats.gz summary statistics
Results for genetic covariance between: data/longcovid2022N1v4_N.sumstats.gz and data/longcovid2022N2v4_N.sumstats.gz
Mean Z*Z: 0.8331
Cross trait Intercept: 0.8096 (0.0052)
Total Observed Scale Genetic Covariance (g_cov): 0.0059 (0.0017)
g_cov Z: 3.39
g_cov P-value: 0.00069245
     
Calculating genetic covariance [21/28] for traits: data/longcovid2022N1v4_N.sumstats.gz and data/longcovid2022W1v4_N.sumstats.gz
1177709 SNPs remain after merging data/longcovid2022N1v4_N.sumstats.gz and data/longcovid2022W1v4_N.sumstats.gz summary statistics
Results for genetic covariance between: data/longcovid2022N1v4_N.sumstats.gz and data/longcovid2022W1v4_N.sumstats.gz
Mean Z*Z: 0.6281
Cross trait Intercept: 0.6015 (0.0047)
Total Observed Scale Genetic Covariance (g_cov): 0.0291 (0.0069)
g_cov Z: 4.21
g_cov P-value: 2.526e-05
     
Calculating genetic covariance [22/28] for traits: data/longcovid2022N1v4_N.sumstats.gz and data/longcovid2022W2v4_N.sumstats.gz
1176040 SNPs remain after merging data/longcovid2022N1v4_N.sumstats.gz and data/longcovid2022W2v4_N.sumstats.gz summary statistics
Results for genetic covariance between: data/longcovid2022N1v4_N.sumstats.gz and data/longcovid2022W2v4_N.sumstats.gz
Mean Z*Z: 0.5543
Cross trait Intercept: 0.5283 (0.0047)
Total Observed Scale Genetic Covariance (g_cov): 0.0062 (0.0016)
g_cov Z: 3.97
g_cov P-value: 7.2192e-05
          
Estimating heritability [23/28] for: data/longcovid2022N2v4_N.sumstats.gz
     
Please note that the results initially printed to the screen and log file reflect the NON-liability h2 and cov_g. However, a liability conversion is being used for trait data/longcovid2022N2v4_N.sumstats.gz when creating the genetic covariance matrix used as input for Genomic SEM and liability scale results are printed at the end of the log file.
     
Heritability Results for trait: data/longcovid2022N2v4_N.sumstats.gz
Mean Chi^2 across remaining SNPs: 0.9908
Lambda GC: 0.9942
Intercept: 0.9856 (0.0057)
Ratio: 1.5642 (-0.6246)
Total Observed Scale h2: 3e-04 (4e-04)
h2 Z: 0.66
     
Calculating genetic covariance [24/28] for traits: data/longcovid2022N2v4_N.sumstats.gz and data/longcovid2022W1v4_N.sumstats.gz
1175639 SNPs remain after merging data/longcovid2022N2v4_N.sumstats.gz and data/longcovid2022W1v4_N.sumstats.gz summary statistics
Results for genetic covariance between: data/longcovid2022N2v4_N.sumstats.gz and data/longcovid2022W1v4_N.sumstats.gz
Mean Z*Z: 0.6036
Cross trait Intercept: 0.5754 (0.0049)
Total Observed Scale Genetic Covariance (g_cov): 0.0062 (0.0015)
g_cov Z: 4.22
g_cov P-value: 2.4672e-05
     
Calculating genetic covariance [25/28] for traits: data/longcovid2022N2v4_N.sumstats.gz and data/longcovid2022W2v4_N.sumstats.gz
1175952 SNPs remain after merging data/longcovid2022N2v4_N.sumstats.gz and data/longcovid2022W2v4_N.sumstats.gz summary statistics
Results for genetic covariance between: data/longcovid2022N2v4_N.sumstats.gz and data/longcovid2022W2v4_N.sumstats.gz
Mean Z*Z: 0.6567
Cross trait Intercept: 0.6381 (0.0051)
Total Observed Scale Genetic Covariance (g_cov): 9e-04 (4e-04)
g_cov Z: 2.56
g_cov P-value: 0.010536
          
Estimating heritability [26/28] for: data/longcovid2022W1v4_N.sumstats.gz
     
Please note that the results initially printed to the screen and log file reflect the NON-liability h2 and cov_g. However, a liability conversion is being used for trait data/longcovid2022W1v4_N.sumstats.gz when creating the genetic covariance matrix used as input for Genomic SEM and liability scale results are printed at the end of the log file.
     
Heritability Results for trait: data/longcovid2022W1v4_N.sumstats.gz
Mean Chi^2 across remaining SNPs: 0.928
Lambda GC: 0.9261
Intercept: 0.9193 (0.0053)
Ratio: 1.1209 (-0.073)
Total Observed Scale h2: 0.0084 (0.0072)
h2 Z: 1.17
     
Calculating genetic covariance [27/28] for traits: data/longcovid2022W1v4_N.sumstats.gz and data/longcovid2022W2v4_N.sumstats.gz
1176538 SNPs remain after merging data/longcovid2022W1v4_N.sumstats.gz and data/longcovid2022W2v4_N.sumstats.gz summary statistics
Results for genetic covariance between: data/longcovid2022W1v4_N.sumstats.gz and data/longcovid2022W2v4_N.sumstats.gz
Mean Z*Z: 0.8264
Cross trait Intercept: 0.8111 (0.0051)
Total Observed Scale Genetic Covariance (g_cov): 0.0032 (0.0015)
g_cov Z: 2.13
g_cov P-value: 0.032921
          
Estimating heritability [28/28] for: data/longcovid2022W2v4_N.sumstats.gz
     
Please note that the results initially printed to the screen and log file reflect the NON-liability h2 and cov_g. However, a liability conversion is being used for trait data/longcovid2022W2v4_N.sumstats.gz when creating the genetic covariance matrix used as input for Genomic SEM and liability scale results are printed at the end of the log file.
     
Heritability Results for trait: data/longcovid2022W2v4_N.sumstats.gz
Mean Chi^2 across remaining SNPs: 0.9893
Lambda GC: 0.988
Intercept: 0.9806 (0.0057)
Ratio: 1.8085 (-0.5276)
Total Observed Scale h2: 4e-04 (4e-04)
h2 Z: 1.07
     
      
Liability Scale Results
     
Liability scale results for: COVID19_HGI_A2
Total Liability Scale h2: 0.0228 (0.0059)
Total Liability Scale Genetic Covariance between COVID19_HGI_A2 and COVID19_HGI_B2: 0.0282 (0.0073)
     
Total Liability Scale Genetic Covariance between COVID19_HGI_A2 and COVID19_HGI_C2: 0.0192 (0.0041)
     
Total Liability Scale Genetic Covariance between COVID19_HGI_A2 and longcovid2022N1v4: 0.0021 (0.0051)
     
Total Liability Scale Genetic Covariance between COVID19_HGI_A2 and longcovid2022N2v4: 0.0088 (0.0036)
     
Total Liability Scale Genetic Covariance between COVID19_HGI_A2 and longcovid2022W1v4: 0.0036 (0.0043)
     
Total Liability Scale Genetic Covariance between COVID19_HGI_A2 and longcovid2022W2v4: 0.0056 (0.0026)
     
     
Liability scale results for: COVID19_HGI_B2
Total Liability Scale h2: 0.0429 (0.009)
Total Liability Scale Genetic Covariance between COVID19_HGI_B2 and COVID19_HGI_C2: 0.0298 (0.0054)
     
Total Liability Scale Genetic Covariance between COVID19_HGI_B2 and longcovid2022N1v4: 0.0075 (0.0067)
     
Total Liability Scale Genetic Covariance between COVID19_HGI_B2 and longcovid2022N2v4: 0.0153 (0.0048)
     
Total Liability Scale Genetic Covariance between COVID19_HGI_B2 and longcovid2022W1v4: 0.0069 (0.0056)
     
Total Liability Scale Genetic Covariance between COVID19_HGI_B2 and longcovid2022W2v4: 0.0086 (0.0034)
     
     
Liability scale results for: COVID19_HGI_C2
Total Liability Scale h2: 0.0322 (0.005)
Total Liability Scale Genetic Covariance between COVID19_HGI_C2 and longcovid2022N1v4: 0.018 (0.0079)
     
Total Liability Scale Genetic Covariance between COVID19_HGI_C2 and longcovid2022N2v4: 0.0209 (0.0054)
     
Total Liability Scale Genetic Covariance between COVID19_HGI_C2 and longcovid2022W1v4: 0.0051 (0.006)
     
Total Liability Scale Genetic Covariance between COVID19_HGI_C2 and longcovid2022W2v4: 0.0104 (0.0038)
     
     
Liability scale results for: longcovid2022N1v4
Total Liability Scale h2: 0.0981 (0.0286)
Total Liability Scale Genetic Covariance between longcovid2022N1v4 and longcovid2022N2v4: 0.0661 (0.0195)
     
Total Liability Scale Genetic Covariance between longcovid2022N1v4 and longcovid2022W1v4: 0.0883 (0.021)
     
Total Liability Scale Genetic Covariance between longcovid2022N1v4 and longcovid2022W2v4: 0.0534 (0.0135)
     
     
Liability scale results for: longcovid2022N2v4
Total Liability Scale h2: 0.0094 (0.0142)
Total Liability Scale Genetic Covariance between longcovid2022N2v4 and longcovid2022W1v4: 0.0601 (0.0142)
     
Total Liability Scale Genetic Covariance between longcovid2022N2v4 and longcovid2022W2v4: 0.0247 (0.0096)
     
     
Liability scale results for: longcovid2022W1v4
Total Liability Scale h2: 0.022 (0.0187)
Total Liability Scale Genetic Covariance between longcovid2022W1v4 and longcovid2022W2v4: 0.024 (0.0113)
     
     
Liability scale results for: longcovid2022W2v4
Total Liability Scale h2: 0.0084 (0.0079)
     
      
Genetic Correlation Results
Genetic Correlation between COVID19_HGI_A2 and COVID19_HGI_B2: 0.9003 (0.232)
     
Genetic Correlation between COVID19_HGI_A2 and COVID19_HGI_C2: 0.709 (0.1513)
     
Genetic Correlation between COVID19_HGI_A2 and longcovid2022N1v4: 0.0435 (0.1087)
     
Genetic Correlation between COVID19_HGI_A2 and longcovid2022N2v4: 0.6052 (0.2451)
     
Genetic Correlation between COVID19_HGI_A2 and longcovid2022W1v4: 0.1615 (0.1929)
     
Genetic Correlation between COVID19_HGI_A2 and longcovid2022W2v4: 0.4081 (0.1894)
     
Genetic Correlation between COVID19_HGI_B2 and COVID19_HGI_C2: 0.802 (0.1454)
     
Genetic Correlation between COVID19_HGI_B2 and longcovid2022N1v4: 0.1149 (0.1028)
     
Genetic Correlation between COVID19_HGI_B2 and longcovid2022N2v4: 0.7638 (0.2413)
     
Genetic Correlation between COVID19_HGI_B2 and longcovid2022W1v4: 0.225 (0.1826)
     
Genetic Correlation between COVID19_HGI_B2 and longcovid2022W2v4: 0.452 (0.1816)
     
Genetic Correlation between COVID19_HGI_C2 and longcovid2022N1v4: 0.3199 (0.14)
     
Genetic Correlation between COVID19_HGI_C2 and longcovid2022N2v4: 1.2073 (0.314)
     
Genetic Correlation between COVID19_HGI_C2 and longcovid2022W1v4: 0.1907 (0.224)
     
Genetic Correlation between COVID19_HGI_C2 and longcovid2022W2v4: 0.6331 (0.2286)
     
Genetic Correlation between longcovid2022N1v4 and longcovid2022N2v4: 2.1831 (0.6435)
     
Genetic Correlation between longcovid2022N1v4 and longcovid2022W1v4: 1.9032 (0.4518)
     
Genetic Correlation between longcovid2022N1v4 and longcovid2022W2v4: 1.8612 (0.4689)
     
Genetic Correlation between longcovid2022N2v4 and longcovid2022W1v4: 4.1901 (0.9934)
     
Genetic Correlation between longcovid2022N2v4 and longcovid2022W2v4: 2.7817 (1.0876)
     
Genetic Correlation between longcovid2022W1v4 and longcovid2022W2v4: 1.7696 (0.8296)
     
     
LDSC finished running at 2023-03-22 12:22:36
Running LDSC for all files took 0 minutes and 57 seconds
     
